{'train_loss': 0.7058007717132568, 'valid_loss': 0.7070898413658142, 'step': 0, 'valid_accuracy': 0.515625, 'train_accuracy': 0.5}
{'linear': {'b': DeviceArray([ 0.01312857, -0.01314626], dtype=float32), 'w': DeviceArray([[-2.23657399e-01, -1.73203826e-01],
             [ 2.09758520e-01, -3.12794507e-01],
             [ 7.33226985e-02,  3.05044621e-01],
             [ 4.57065143e-02, -9.97503996e-02],
             [-3.84076864e-01,  2.71629363e-01],
             [ 1.81528866e-01, -1.20458789e-01],
             [ 4.60830331e-01, -2.00164676e-01],
             [ 1.80292785e-01, -1.68652758e-01],
             [ 1.49992295e-02,  2.32245028e-01],
             [ 1.71523452e-01, -1.06333606e-01],
             [-5.22322543e-02,  6.97629005e-02],
             [ 4.33508158e-02,  2.41069019e-01],
             [ 2.78395027e-01, -8.03305134e-02],
             [ 1.39181241e-01, -4.96592745e-02],
             [-4.90160435e-01,  4.38976079e-01],
             [-7.79363513e-02,  6.86226860e-02],
             [ 3.77067119e-01, -1.99885130e-01],
             [ 3.38712394e-01, -2.74851859e-01],
             [-1.52267262e-01, -5.78997582e-02],
             [ 1.63010031e-01, -5.25873192e-02],
             [-1.18403092e-01, -6.41361810e-04],
             [ 6.02775104e-02,  1.14293061e-01],
             [ 2.92730391e-01, -2.56647885e-01],
             [-2.55748123e-01,  3.14272135e-01],
             [-9.95717570e-02,  2.30384246e-01],
             [-1.11905389e-01,  1.34935543e-01],
             [-2.36709532e-03,  1.02947623e-01],
             [ 1.49314210e-01, -1.25924453e-01],
             [ 3.02031264e-02,  3.87503095e-02],
             [-1.02381088e-01,  1.84373647e-01],
             [-1.92738071e-01,  9.79951397e-03],
             [-3.89248312e-01,  3.57408643e-01],
             [-3.72282296e-01,  4.55673784e-01],
             [ 6.71862587e-02, -1.03243001e-01],
             [-3.47877353e-01,  8.87026191e-02],
             [ 2.09686831e-01, -4.41340834e-01],
             [ 1.56905159e-01, -3.19216400e-02],
             [ 1.76641315e-01,  1.88980233e-02],
             [-3.82114947e-01,  4.18116301e-01],
             [ 4.48995195e-02, -4.29807007e-01],
             [-3.47511470e-01,  1.82435766e-01],
             [ 1.74045376e-02, -7.03303367e-02],
             [-1.79776177e-01,  2.08660752e-01],
             [ 7.80522600e-02,  2.58485284e-02],
             [ 1.97530597e-01, -2.96699256e-01],
             [ 4.61823225e-01, -2.53534496e-01],
             [ 3.40230584e-01, -2.69111991e-01],
             [-2.72765487e-01,  1.43641204e-01],
             [-1.20694963e-02,  1.86078493e-02],
             [-1.57534733e-01, -1.28462866e-01],
             [-3.11681956e-01,  3.11678350e-01],
             [-3.38307261e-01,  4.51731354e-01],
             [-4.79751751e-02,  3.61736573e-04],
             [ 1.62457719e-01, -4.17582721e-01],
             [-2.30472684e-02,  1.34479776e-01],
             [ 2.52900273e-01, -3.37290615e-02],
             [-3.15083891e-01,  3.35176736e-01],
             [-4.29226071e-01,  2.16493323e-01],
             [-7.69033283e-02,  2.54744202e-01],
             [-4.47959155e-02,  2.92687684e-01],
             [-2.17809603e-02, -1.33719802e-01],
             [-3.10424387e-01,  2.77278692e-01],
             [-2.62795031e-01,  1.43800318e-01],
             [ 5.90538308e-02, -1.70633450e-01]], dtype=float32)}, 'transformer/layer_norm': {'offset': DeviceArray([-0.15547171,  0.0263145 ,  0.00159916, -0.03240358,
              0.06079073,  0.01815941, -0.03339948,  0.01286816,
              0.01270409, -0.01532483, -0.05523917, -0.17444749,
              0.1007535 , -0.24350755,  0.06974034,  0.05847143,
             -0.01092569, -0.07967204,  0.02421285,  0.00624147,
             -0.02759099,  0.06394959, -0.03770046, -0.07625558,
             -0.0418979 ,  0.05852308,  0.0987158 ,  0.02043721,
              0.04936289, -0.08346421, -0.03470971,  0.10452086,
             -0.10737921,  0.1023232 ,  0.05594705,  0.07795954,
             -0.03046158, -0.06282541,  0.16161002,  0.08155566,
              0.0604625 ,  0.01122451,  0.0095317 , -0.05543567,
              0.09660923, -0.04114183, -0.03297701, -0.04250155,
              0.0475485 ,  0.0214096 ,  0.01160608,  0.06960361,
             -0.04003216, -0.05558733, -0.03779926,  0.0540893 ,
              0.04719647, -0.0241501 ,  0.05061467, -0.14290065,
             -0.2341407 , -0.06565679,  0.0125974 ,  0.06938085],            dtype=float32), 'scale': DeviceArray([0.71474123, 0.83358526, 0.7058654 , 0.88390255, 0.93466526,
             0.8677415 , 1.076537  , 0.8954415 , 0.75703114, 0.75547165,
             0.77632266, 0.84393036, 0.61605674, 0.5945824 , 0.8441896 ,
             0.812855  , 0.80161977, 0.796575  , 0.7523921 , 0.65736955,
             0.83139104, 0.7613651 , 0.69302034, 0.8623214 , 0.81319684,
             0.8586879 , 0.6619191 , 0.94877476, 0.78447294, 0.69991   ,
             0.79626256, 0.78964806, 0.7486617 , 0.7730197 , 0.83489525,
             0.8795952 , 0.71608144, 0.7865671 , 0.7464046 , 0.81049156,
             0.777955  , 0.68261194, 0.769048  , 0.8148493 , 0.82194227,
             0.79181224, 0.79289925, 0.7937459 , 0.64718384, 0.7741899 ,
             0.78356594, 0.85691655, 0.9643254 , 0.8243491 , 0.79638094,
             0.83179736, 0.7833009 , 0.56337935, 0.68224454, 0.68406224,
             0.6377989 , 1.0147545 , 0.9920752 , 0.7408267 ],            dtype=float32)}, 'transformer/layer_norm_1': {'offset': DeviceArray([-0.03640083, -0.04005022, -0.03985163,  0.04514774,
              0.0036535 , -0.09506366, -0.0242419 , -0.00593435,
              0.01206252, -0.04430716,  0.06276638, -0.0003367 ,
              0.05679908,  0.03992809,  0.02297001, -0.03812114,
             -0.05952567, -0.02230454, -0.00252023,  0.03714448,
             -0.0034601 ,  0.03448759,  0.05109469, -0.03332823,
             -0.07909013,  0.00436639,  0.00613177, -0.01715042,
              0.04152406,  0.03810002,  0.07087781,  0.06520608,
              0.11259942,  0.00407726, -0.00159207,  0.05022007,
              0.024364  , -0.06153089,  0.00028756, -0.0383589 ,
             -0.00031385, -0.03977378,  0.05604518, -0.03659767,
              0.03186398, -0.02869228, -0.04394993,  0.06064219,
              0.01055535,  0.04349965, -0.00253461,  0.0049347 ,
              0.05132587,  0.02417601,  0.05391035, -0.07056411,
              0.05523859,  0.0162247 ,  0.01727878,  0.00962184,
             -0.05383974,  0.01262216,  0.02779674,  0.08289446],            dtype=float32), 'scale': DeviceArray([0.98337793, 1.066362  , 0.97713834, 1.2352782 , 1.1486012 ,
             1.0303038 , 1.1786007 , 1.2874566 , 1.0110493 , 0.95015454,
             1.1500013 , 1.1257933 , 1.0637623 , 1.1137346 , 1.0942171 ,
             1.0000198 , 1.1677121 , 1.0017762 , 0.91358054, 1.0391176 ,
             0.9169444 , 0.80890596, 1.0240848 , 1.0538223 , 1.1958094 ,
             1.0521502 , 1.1396768 , 1.1142833 , 1.0024337 , 0.9752983 ,
             1.1490803 , 1.0157893 , 1.1080247 , 1.0167365 , 1.1438978 ,
             1.0809304 , 0.96164954, 0.91128427, 1.1907895 , 1.1093097 ,
             1.1416603 , 1.0847477 , 1.0998839 , 0.7376088 , 1.11096   ,
             1.1487144 , 1.0805529 , 1.1435006 , 1.0412155 , 0.88722456,
             1.103997  , 1.0587946 , 0.993234  , 1.1323755 , 0.89551955,
             1.1421173 , 0.9973891 , 1.0861875 , 0.964433  , 0.9834519 ,
             1.061099  , 1.1518205 , 1.260719  , 0.96359056],            dtype=float32)}, 'transformer/layer_norm_2': {'offset': DeviceArray([-0.06725699,  0.00838464, -0.11177973,  0.02438941,
             -0.01057698,  0.02006912,  0.01375387,  0.00758212,
             -0.02307859,  0.05362355, -0.0246483 , -0.02613668,
              0.00786081, -0.0028071 , -0.01255315,  0.11754127,
              0.01348049,  0.01757811, -0.02542732,  0.01788042,
              0.01628838, -0.04895409,  0.00412229, -0.00927899,
             -0.00995049, -0.00558886,  0.02269362,  0.00554135,
              0.15698136, -0.01669327, -0.0250182 , -0.01162706,
             -0.01726118,  0.09304738, -0.01438636,  0.01834236,
             -0.15604937,  0.01893764, -0.01046327,  0.02520071,
             -0.01445364,  0.00967467, -0.00657932,  0.0648407 ,
              0.0136063 ,  0.01295934,  0.01388873, -0.0150627 ,
              0.01387258, -0.16805755, -0.00997824, -0.01372022,
              0.02109041,  0.01738266, -0.02845506,  0.01037171,
             -0.01581186, -0.00917505,  0.00227197, -0.01321268,
             -0.01205258, -0.00827199, -0.00530276,  0.01616957],            dtype=float32), 'scale': DeviceArray([0.91506046, 1.2191322 , 0.9862828 , 0.98862165, 1.25285   ,
             1.1356839 , 1.2958946 , 1.0858419 , 1.063339  , 1.1013925 ,
             0.97191614, 1.0107061 , 1.1634816 , 1.0121843 , 1.313236  ,
             0.8546747 , 1.2396518 , 1.2494035 , 0.99164367, 1.0650282 ,
             1.0124081 , 0.9300566 , 1.2101277 , 1.2760075 , 1.1283314 ,
             1.0193989 , 0.9315715 , 1.121555  , 0.7075568 , 1.0358702 ,
             0.9951264 , 1.3536971 , 1.3045355 , 0.9846831 , 1.1411072 ,
             1.237171  , 0.7949201 , 1.0237122 , 1.2877176 , 1.1869321 ,
             1.1848097 , 0.8117645 , 1.1521758 , 0.92450744, 1.2219456 ,
             1.3022608 , 1.2650416 , 1.1319343 , 0.8331255 , 0.6304039 ,
             1.265472  , 1.2685884 , 0.8989422 , 1.2406714 , 1.0168406 ,
             1.1083161 , 1.2386076 , 1.2214829 , 1.1308792 , 1.1451405 ,
             0.96149856, 1.2263502 , 1.1828791 , 1.0598354 ],            dtype=float32)}, 'transformer/linear': {'w': DeviceArray([[-0.00336803, -0.31934214,  0.12370118, -0.15563925,
               0.07812393, -0.14419153,  0.00665311,  0.02797017,
               0.0816559 , -0.10857067,  0.19616324,  0.02353621,
              -0.08074754,  0.08394749,  0.07801061,  0.06143888,
               0.05733425, -0.08660342,  0.07151941,  0.01768182,
               0.05815469,  0.07629382, -0.087954  , -0.03820049,
              -0.03707839,  0.07821681,  0.00777337, -0.04541425,
              -0.03090651, -0.03720171, -0.03072351, -0.01690488,
              -0.06730633, -0.01954256, -0.0357998 ,  0.2742679 ,
              -0.03751689, -0.01538368, -0.01585926,  0.05793208,
               0.00844122, -0.11160014,  0.00279585, -0.04410392,
              -0.15200824,  0.03771633, -0.03625117, -0.05934503,
              -0.11833009, -0.12183855, -0.07349341,  0.24820276,
              -0.11581736, -0.03092393, -0.03677434,  0.16891786,
               0.05826284, -0.04148255,  0.01315726,  0.0048797 ,
              -0.13608639,  0.03355529,  0.01497031,  0.20696895],
             [ 0.01938227,  0.18652411, -0.10984108,  0.04443948,
              -0.29355535, -0.00177531,  0.03834017, -0.15823875,
              -0.01285456,  0.01755121, -0.03359308,  0.01686167,
               0.00844586, -0.06059346, -0.01235852, -0.02754967,
               0.02292771,  0.00065029,  0.00267133, -0.00333475,
              -0.0319424 ,  0.03784879,  0.0157395 , -0.01546662,
              -0.01217017, -0.39840567, -0.01406237,  0.06838182,
               0.00916439,  0.13627926,  0.08258439,  0.03049432,
               0.02776323,  0.09713771,  0.00201681, -0.12286416,
               0.01179318, -0.01120227,  0.00720893, -0.04545992,
              -0.00194437,  0.04613223, -0.01279062, -0.02085542,
               0.09753639, -0.06132757,  0.01105222,  0.10406249,
               0.22671653,  0.03920746,  0.06743744, -0.10806209,
               0.10692775, -0.09630644,  0.03253907, -0.12039555,
               0.00489839,  0.02234923, -0.02797611, -0.04614885,
              -0.00189225,  0.07121404, -0.15780734, -0.01199079],
             [-0.00706542, -0.01553898,  0.00108391,  0.02861901,
               0.01272455,  0.0042364 , -0.0007542 , -0.00175696,
               0.01385704, -0.01652735, -0.01104386,  0.0080605 ,
              -0.02044215, -0.02618994, -0.00111926, -0.002212  ,
              -0.01760491, -0.00175018,  0.01524653,  0.00461787,
               0.0134466 ,  0.03033351, -0.02623074, -0.00424629,
              -0.01704646,  0.02130613, -0.00237466, -0.02092993,
              -0.00143845, -0.00335936,  0.0036845 , -0.00594837,
               0.00850788,  0.02103277,  0.0202336 ,  0.00656738,
              -0.01653858, -0.00317468, -0.01031113,  0.02206489,
               0.00113784, -0.03493666,  0.01084977, -0.0152643 ,
               0.01123418,  0.00232272,  0.02180057, -0.01615189,
               0.01886994, -0.01343586,  0.00138744,  0.02434376,
               0.02133056,  0.03565827,  0.0179678 , -0.00988313,
               0.02047706,  0.00803337,  0.03272186,  0.01557588,
               0.00446477,  0.01381819, -0.01002473, -0.01120084],
             [ 0.01608909, -0.02212656, -0.0473754 ,  0.05537653,
               0.21217065, -0.01712502, -0.24779716,  0.1125122 ,
              -0.01283611,  0.03367906, -0.04789862,  0.01107713,
               0.05258561,  0.00831548, -0.02913068, -0.06410003,
              -0.03501379, -0.03769699, -0.05302643,  0.05444936,
              -0.09270981,  0.0317745 ,  0.01123559,  0.07389925,
              -0.01862242,  0.1262447 ,  0.04319723, -0.21180078,
              -0.10290695, -0.0594902 , -0.08533584,  0.03579874,
               0.02729515,  0.04180402,  0.01698959, -0.03559061,
              -0.02077677, -0.03994607, -0.04649333,  0.04905555,
              -0.04828205, -0.04604746, -0.02123301, -0.04611861,
               0.05062481,  0.02582728, -0.11558073,  0.02731379,
              -0.031567  ,  0.02524377,  0.06541614, -0.01041823,
              -0.21895571, -0.05660613,  0.057962  , -0.03448302,
               0.1278951 ,  0.00649138,  0.04730488,  0.07411534,
               0.08085903, -0.27809232,  0.26008606, -0.01553519]],            dtype=float32)}, 'transformer/linear_1': {'b': DeviceArray([ 0.04459881,  0.00123624,  0.06634501, -0.05592968,
             -0.08157724, -0.01603877, -0.08496465, -0.05919012,
             -0.08293141,  0.00024068, -0.03222284, -0.02866008,
              0.0043901 , -0.0390665 , -0.02213906,  0.0833456 ,
             -0.02194222,  0.01712097, -0.08457773, -0.09408633,
              0.02731389, -0.05519582, -0.13698058, -0.13129929,
              0.02659006, -0.10309353,  0.02795842, -0.00885856,
              0.0626011 , -0.01848935,  0.0520305 , -0.01880433,
              0.03323046, -0.0327103 , -0.08793499, -0.04979037,
              0.04722362, -0.10564599, -0.08731066, -0.04324303,
             -0.01536687, -0.01610749, -0.18208173,  0.03261971,
             -0.05763983, -0.05574299,  0.03714459,  0.05387993,
             -0.0405546 , -0.0465504 ,  0.01232406, -0.01466585,
              0.10279221, -0.03325128, -0.03227706, -0.03817439,
             -0.12325564, -0.03033226,  0.03442582, -0.09906818,
              0.00927305, -0.10431591, -0.07772553, -0.10819582,
             -0.04162133, -0.07910772,  0.04991568, -0.02098721,
             -0.10742145, -0.11792246,  0.04684568, -0.04674494,
             -0.0657811 , -0.05505546,  0.00947016, -0.11910349,
             -0.0449117 , -0.07045881, -0.08971178,  0.02183435,
             -0.09019975, -0.10573739, -0.03032278, -0.08181559,
             -0.04189906,  0.0598804 , -0.02142315, -0.05537896,
             -0.02243318, -0.08065896, -0.07195506,  0.00822393,
             -0.05577016, -0.04382244, -0.00038352, -0.0164539 ,
             -0.05412631, -0.08977154,  0.089947  , -0.03979536,
              0.01916831, -0.04628602, -0.17344062, -0.04481744,
             -0.00382674,  0.09914321, -0.03080208, -0.01509956,
             -0.01588609, -0.10164233, -0.04027121,  0.10064321,
             -0.17767356, -0.04258864, -0.08856421, -0.00174595,
             -0.08742143,  0.07893594,  0.02084584, -0.03261644,
             -0.04941227, -0.02081615, -0.04095826, -0.04621681,
             -0.05576656, -0.10490886,  0.09986234,  0.04672709],            dtype=float32), 'w': DeviceArray([[-0.01692231,  0.06481008,  0.01989459, ..., -0.16365871,
              -0.19849554,  0.17276214],
             [-0.19769172, -0.24040152, -0.0047124 , ...,  0.06151901,
               0.06532051, -0.08472321],
             [-0.06390908,  0.04299398, -0.01108408, ..., -0.0265361 ,
              -0.21520196,  0.02725428],
             ...,
             [-0.05832456,  0.02013583, -0.00380463, ...,  0.06311388,
               0.25972518,  0.10928289],
             [ 0.0317906 , -0.01027048,  0.02628463, ...,  0.12440805,
              -0.13838586,  0.10752293],
             [-0.03209953, -0.11874055, -0.074867  , ..., -0.09048538,
              -0.05690639, -0.05341462]], dtype=float32)}, 'transformer/linear_2': {'b': DeviceArray([ 0.03790081,  0.04377044, -0.04515951, -0.04627877,
              0.00017845, -0.01767466, -0.06726007, -0.00816461,
             -0.05358462, -0.03764618,  0.07674509,  0.0381448 ,
              0.00116414,  0.08071713,  0.0168269 , -0.01225491,
              0.04317708, -0.04805204,  0.04273115,  0.02548865,
              0.0018358 ,  0.02559904, -0.04424374,  0.04039397,
             -0.01618526,  0.03325064, -0.10005211,  0.02068346,
             -0.01076058, -0.0247882 ,  0.04419231,  0.00960939,
              0.01176341,  0.00250691,  0.05106417, -0.02943852,
             -0.00857617,  0.03272978,  0.04259287, -0.09575738,
              0.01672392, -0.03892667,  0.00615104, -0.01551391,
             -0.05416457, -0.0159045 , -0.05484426,  0.04039303,
              0.00175457, -0.01407613, -0.04840609,  0.00380126,
             -0.04007022,  0.01020662, -0.0174597 , -0.06766347,
             -0.02269683,  0.07144343, -0.02697471,  0.03173751,
              0.06820796, -0.03765662, -0.06317265, -0.11265529],            dtype=float32), 'w': DeviceArray([[-0.08960129,  0.20564225, -0.05838265, ..., -0.02244096,
              -0.14501129,  0.06861898],
             [-0.03317629,  0.31104255, -0.19096817, ..., -0.1211779 ,
              -0.04576365,  0.09796803],
             [-0.01924399,  0.19501469, -0.16815801, ..., -0.14743425,
              -0.20635596,  0.02068938],
             ...,
             [ 0.05985214, -0.02348994,  0.10016408, ...,  0.00127458,
              -0.06139345, -0.01914849],
             [ 0.23143333, -0.11206286,  0.06112929, ..., -0.05978929,
               0.19801629, -0.08286988],
             [ 0.07643008, -0.05042472,  0.00422181, ...,  0.0450385 ,
               0.01085134,  0.03977254]], dtype=float32)}, 'transformer/multi_head_attention/key': {'b': DeviceArray([-0.04533632, -0.04425044, -0.04917487, -0.02585833,
             -0.01052331,  0.01139456,  0.01050552,  0.08840765,
             -0.04518146,  0.02043944,  0.01488505,  0.01395022,
             -0.0331454 , -0.061312  ,  0.03968848,  0.0027346 ,
             -0.01096971,  0.05391515, -0.00979989,  0.00705126,
             -0.13023552, -0.05165575,  0.05074273, -0.05155751,
             -0.03677728,  0.08650879,  0.00408914,  0.00402045,
             -0.05521851, -0.0493091 , -0.00332879,  0.05464106,
             -0.11957259,  0.01943965, -0.0069185 ,  0.10014375,
              0.1194685 , -0.08006504,  0.05707989,  0.02562704,
              0.01672115,  0.04325464,  0.07581268,  0.15730762,
             -0.13075876, -0.06125659,  0.11108129, -0.06800342,
              0.00468197,  0.00725203,  0.10657751,  0.05077057,
              0.06009968,  0.0621209 ,  0.02288027, -0.00137871,
             -0.05416565, -0.02905306, -0.02569598, -0.0503237 ,
              0.04401258,  0.0182248 , -0.104265  ,  0.00253315],            dtype=float32), 'w': DeviceArray([[-0.26940897, -0.00173093,  0.16742699, ...,  0.05895944,
               0.03410912, -0.04693471],
             [-0.04208856, -0.03602886, -0.02243795, ..., -0.24107037,
              -0.13060492,  0.03464172],
             [ 0.0111214 ,  0.10098258, -0.10910735, ...,  0.12354705,
              -0.12121187, -0.05496496],
             ...,
             [-0.01057035,  0.10542786, -0.13723375, ...,  0.14811856,
               0.02456347,  0.06066978],
             [-0.00081691,  0.03742784,  0.00685353, ..., -0.07752409,
               0.1028503 , -0.02681063],
             [-0.15967508,  0.11248548,  0.0004116 , ...,  0.03581661,
              -0.0159436 ,  0.09312957]], dtype=float32)}, 'transformer/multi_head_attention/linear': {'b': DeviceArray([ 5.5460803e-02,  3.4695234e-02,  4.0812008e-03,
              1.8316817e-02, -1.7009718e-02, -4.7008768e-02,
              2.7962320e-03, -5.5527359e-02, -2.2866022e-02,
             -2.6635626e-02,  6.6424510e-03,  9.1973860e-03,
              1.0645169e-02,  1.5826119e-01, -4.8064403e-02,
              1.8765820e-02, -7.4177913e-02, -1.9932713e-02,
              3.3030661e-03, -1.5907254e-02,  3.8467795e-02,
              1.0688042e-02,  1.3761843e-02, -2.0247059e-02,
             -4.6686690e-02, -1.0817713e-02, -7.1814530e-02,
              1.3507848e-02, -3.2887693e-02,  6.6234328e-02,
              6.4220808e-02, -4.3485821e-03,  3.1585734e-02,
             -4.1032437e-02,  7.1607605e-02, -2.3212021e-02,
             -2.3256337e-02,  5.6311365e-02,  3.4382548e-02,
             -7.3813774e-02, -4.1051459e-02,  2.5851185e-02,
             -4.0478643e-02, -7.5577670e-03, -6.2325645e-02,
              3.8729917e-02, -1.6265932e-02,  3.6426637e-02,
             -7.9545282e-02, -2.4869345e-02, -5.6743067e-02,
             -2.6394572e-02,  2.5332110e-05, -1.7333763e-02,
             -1.1951249e-02, -7.9081245e-02, -3.3126134e-02,
              5.2437037e-03, -6.4362846e-02,  3.1120935e-02,
              9.1204375e-02,  4.1128714e-02, -1.0728666e-02,
             -1.0600714e-01], dtype=float32), 'w': DeviceArray([[ 0.04841318, -0.13749042,  0.1847094 , ..., -0.07859343,
               0.12285556, -0.00663436],
             [-0.03199305,  0.06662457,  0.16838306, ..., -0.20100129,
               0.09301853,  0.12748428],
             [ 0.14628758, -0.05411608,  0.08847143, ...,  0.12648822,
               0.12106065, -0.09332885],
             ...,
             [-0.22418922,  0.09422188,  0.01143265, ...,  0.07125898,
              -0.05334765, -0.13040291],
             [ 0.09109025, -0.0361534 ,  0.01672471, ...,  0.11503186,
              -0.01549617,  0.01143573],
             [ 0.04676771, -0.08529175,  0.04592819, ..., -0.07264146,
              -0.11044909,  0.01430011]], dtype=float32)}, 'transformer/multi_head_attention/query': {'b': DeviceArray([-0.02096538, -0.00353013,  0.01229893, -0.12135054,
             -0.01190855, -0.03461152, -0.03004106, -0.03061795,
             -0.05558752, -0.03650482,  0.2116847 ,  0.2181018 ,
             -0.31120095,  0.02039303,  0.12326846,  0.12155433,
             -0.07893362,  0.15151885,  0.12209262, -0.01399531,
              0.00410424, -0.07962143,  0.09824049,  0.06463195,
              0.18230008,  0.01731356, -0.09025467, -0.07373926,
              0.10801969, -0.13213804, -0.03696426, -0.17096026,
              0.0540388 , -0.04176115, -0.12950099, -0.11787745,
             -0.0433659 ,  0.06339601,  0.00120737, -0.0133184 ,
             -0.04404338,  0.04703918,  0.07911926,  0.01503358,
             -0.07768006, -0.0971946 , -0.00764083, -0.06290791,
              0.14235987, -0.0148724 , -0.02885506,  0.14752105,
              0.0308001 , -0.04598806, -0.04240559,  0.08541127,
              0.2544485 , -0.06022148, -0.0761455 , -0.06357402,
              0.07598858,  0.3063325 ,  0.06637816, -0.0985852 ],            dtype=float32), 'w': DeviceArray([[-0.05433936, -0.11102628,  0.02699687, ...,  0.08777698,
               0.09503228, -0.02607531],
             [ 0.04393512,  0.1307054 , -0.0782145 , ..., -0.13459118,
               0.01237051,  0.08600892],
             [-0.04453522,  0.04466802, -0.17121018, ..., -0.12927984,
               0.05248025, -0.10070262],
             ...,
             [-0.09766011, -0.02344121,  0.12314521, ..., -0.04925125,
               0.02901275, -0.05825758],
             [ 0.02925348, -0.01655899,  0.03473404, ..., -0.02943003,
               0.0536674 ,  0.1235345 ],
             [ 0.16315569,  0.05390158, -0.08117285, ..., -0.08970591,
               0.01405049, -0.00423807]], dtype=float32)}, 'transformer/multi_head_attention/value': {'b': DeviceArray([ 0.07487261, -0.02189774,  0.08575281, -0.07318988,
             -0.05626221,  0.08738345,  0.07772482,  0.01756565,
             -0.02952226,  0.01838117, -0.01610523,  0.0101657 ,
              0.01826264,  0.03103336,  0.03647066,  0.00610209,
              0.00618307, -0.02632659, -0.01968679, -0.00072336,
             -0.01821593,  0.0263984 , -0.05521306,  0.00504309,
              0.01602356,  0.04651333,  0.04816966, -0.01401859,
             -0.03809221, -0.00922767,  0.080507  , -0.0436367 ,
              0.01514888, -0.02470536,  0.00648337,  0.03806242,
              0.01915977, -0.02238845,  0.04005257,  0.01532937,
              0.01298204, -0.07381092, -0.01541794, -0.03820767,
             -0.00430658,  0.06989845, -0.0097308 , -0.03728031,
             -0.01876339, -0.01997904,  0.01281196, -0.02835064,
              0.03704072, -0.01703079,  0.02134722,  0.04363337,
              0.01740134,  0.01507085, -0.03686978,  0.03338259,
              0.01423942, -0.08008713,  0.10806347, -0.06010118],            dtype=float32), 'w': DeviceArray([[ 6.11531325e-02,  2.99859904e-02, -1.36420384e-01, ...,
              -5.44726402e-02,  1.05899433e-02,  4.54859100e-02],
             [-4.06577103e-02, -1.49753198e-01, -9.76769626e-02, ...,
              -1.85774639e-01,  2.33963743e-01, -5.68043850e-02],
             [ 1.19038850e-04, -1.05361715e-01, -7.65115693e-02, ...,
              -9.21083335e-03,  5.94574325e-02,  4.10701409e-02],
             ...,
             [ 1.88764706e-01,  1.71030328e-01,  4.27289959e-03, ...,
               8.60175714e-02, -2.18835566e-02,  8.95091612e-03],
             [-2.61822551e-01,  3.43904062e-03, -2.36877091e-02, ...,
              -8.30684379e-02, -1.46193385e-01,  4.42069620e-02],
             [ 7.91974813e-02,  9.68007073e-02, -5.78723326e-02, ...,
               6.01009876e-02,  1.39592931e-01,  1.61158126e-02]],            dtype=float32)}}
